<?xml version="1.0" encoding="UTF-8"?>
<testsuite xmlns:xsi="http://www.w3.org/2001/XMLSchema-instance" xsi:noNamespaceSchemaLocation="https://maven.apache.org/surefire/maven-surefire-plugin/xsd/surefire-test-report.xsd" name="runners.TestRunner" time="10.251" tests="6" errors="6" skipped="0" failures="0">
  <properties>
[...]
</properties>
  <testcase name="Verify subscription packages for different countries #1" classname="Validate subscription packages on STC TV website" time="3.458">
    <error message="session not created: This version of ChromeDriver only supports Chrome version 114&#10;Current browser version is 117.0.5938.132 with binary path C:\Program Files\Google\Chrome\Application\chrome.exe&#10;Build info: version: &apos;3.141.59&apos;, revision: &apos;e82be7d358&apos;, time: &apos;2018-11-14T08:17:03&apos;&#10;System info: host: &apos;GGSTECH6338LAP&apos;, ip: &apos;192.168.1.7&apos;, os.name: &apos;Windows 10&apos;, os.arch: &apos;amd64&apos;, os.version: &apos;10.0&apos;, java.version: &apos;15.0.1&apos;&#10;Driver info: driver.version: ChromeDriver&#10;remote stacktrace: Backtrace:&#10;	GetHandleVerifier [0x0099A813+48355]&#10;	(No symbol) [0x0092C4B1]&#10;	(No symbol) [0x00835358]&#10;	(No symbol) [0x008561AC]&#10;	(No symbol) [0x00851EF3]&#10;	(No symbol) [0x00850579]&#10;	(No symbol) [0x00880C55]&#10;	(No symbol) [0x0088093C]&#10;	(No symbol) [0x0087A536]&#10;	(No symbol) [0x008582DC]&#10;	(No symbol) [0x008593DD]&#10;	GetHandleVerifier [0x00BFAABD+2539405]&#10;	GetHandleVerifier [0x00C3A78F+2800735]&#10;	GetHandleVerifier [0x00C3456C+2775612]&#10;	GetHandleVerifier [0x00A251E0+616112]&#10;	(No symbol) [0x00935F8C]&#10;	(No symbol) [0x00932328]&#10;	(No symbol) [0x0093240B]&#10;	(No symbol) [0x00924FF7]&#10;	(No symbol) [0x76AF7D59]&#10;	RtlInitializeExceptionChain [0x770AB79B+107]&#10;	RtlClearBits [0x770AB71F+191]&#10;" type="org.openqa.selenium.SessionNotCreatedException">org.openqa.selenium.SessionNotCreatedException: 
session not created: This version of ChromeDriver only supports Chrome version 114
Current browser version is 117.0.5938.132 with binary path C:\Program Files\Google\Chrome\Application\chrome.exe
Build info: version: '3.141.59', revision: 'e82be7d358', time: '2018-11-14T08:17:03'
System info: host: 'GGSTECH6338LAP', ip: '192.168.1.7', os.name: 'Windows 10', os.arch: 'amd64', os.version: '10.0', java.version: '15.0.1'
Driver info: driver.version: ChromeDriver
remote stacktrace: Backtrace:
	GetHandleVerifier [0x0099A813+48355]
	(No symbol) [0x0092C4B1]
	(No symbol) [0x00835358]
	(No symbol) [0x008561AC]
	(No symbol) [0x00851EF3]
	(No symbol) [0x00850579]
	(No symbol) [0x00880C55]
	(No symbol) [0x0088093C]
	(No symbol) [0x0087A536]
	(No symbol) [0x008582DC]
	(No symbol) [0x008593DD]
	GetHandleVerifier [0x00BFAABD+2539405]
	GetHandleVerifier [0x00C3A78F+2800735]
	GetHandleVerifier [0x00C3456C+2775612]
	GetHandleVerifier [0x00A251E0+616112]
	(No symbol) [0x00935F8C]
	(No symbol) [0x00932328]
	(No symbol) [0x0093240B]
	(No symbol) [0x00924FF7]
	(No symbol) [0x76AF7D59]
	RtlInitializeExceptionChain [0x770AB79B+107]
	RtlClearBits [0x770AB71F+191]

</error>
    <system-err><![CDATA[SLF4J: Failed to load class "org.slf4j.impl.StaticLoggerBinder".
SLF4J: Defaulting to no-operation (NOP) logger implementation
SLF4J: See http://www.slf4j.org/codes.html#StaticLoggerBinder for further details.
Starting ChromeDriver 114.0.5735.90 (386bc09e8f4f2e025eddae123f36f6263096ae49-refs/branch-heads/5735@{#1052}) on port 11099
Only local connections are allowed.
Please see https://chromedriver.chromium.org/security-considerations for suggestions on keeping ChromeDriver safe.
ChromeDriver was started successfully.
]]></system-err>
  </testcase>
  <testcase name="Verify subscription packages for different countries #1" classname="Validate subscription packages on STC TV website" time="3.458">
    <error message="Cannot invoke &quot;org.openqa.selenium.WebDriver.quit()&quot; because &quot;Steps.Hooks.driver&quot; is null" type="java.lang.NullPointerException">java.lang.NullPointerException: Cannot invoke "org.openqa.selenium.WebDriver.quit()" because "Steps.Hooks.driver" is null
</error>
  </testcase>
  <testcase name="Verify subscription packages for different countries #2" classname="Validate subscription packages on STC TV website" time="2.283">
    <error message="session not created: This version of ChromeDriver only supports Chrome version 114&#10;Current browser version is 117.0.5938.132 with binary path C:\Program Files\Google\Chrome\Application\chrome.exe&#10;Build info: version: &apos;3.141.59&apos;, revision: &apos;e82be7d358&apos;, time: &apos;2018-11-14T08:17:03&apos;&#10;System info: host: &apos;GGSTECH6338LAP&apos;, ip: &apos;192.168.1.7&apos;, os.name: &apos;Windows 10&apos;, os.arch: &apos;amd64&apos;, os.version: &apos;10.0&apos;, java.version: &apos;15.0.1&apos;&#10;Driver info: driver.version: ChromeDriver&#10;remote stacktrace: Backtrace:&#10;	GetHandleVerifier [0x0099A813+48355]&#10;	(No symbol) [0x0092C4B1]&#10;	(No symbol) [0x00835358]&#10;	(No symbol) [0x008561AC]&#10;	(No symbol) [0x00851EF3]&#10;	(No symbol) [0x00850579]&#10;	(No symbol) [0x00880C55]&#10;	(No symbol) [0x0088093C]&#10;	(No symbol) [0x0087A536]&#10;	(No symbol) [0x008582DC]&#10;	(No symbol) [0x008593DD]&#10;	GetHandleVerifier [0x00BFAABD+2539405]&#10;	GetHandleVerifier [0x00C3A78F+2800735]&#10;	GetHandleVerifier [0x00C3456C+2775612]&#10;	GetHandleVerifier [0x00A251E0+616112]&#10;	(No symbol) [0x00935F8C]&#10;	(No symbol) [0x00932328]&#10;	(No symbol) [0x0093240B]&#10;	(No symbol) [0x00924FF7]&#10;	(No symbol) [0x76AF7D59]&#10;	RtlInitializeExceptionChain [0x770AB79B+107]&#10;	RtlClearBits [0x770AB71F+191]&#10;" type="org.openqa.selenium.SessionNotCreatedException">org.openqa.selenium.SessionNotCreatedException: 
session not created: This version of ChromeDriver only supports Chrome version 114
Current browser version is 117.0.5938.132 with binary path C:\Program Files\Google\Chrome\Application\chrome.exe
Build info: version: '3.141.59', revision: 'e82be7d358', time: '2018-11-14T08:17:03'
System info: host: 'GGSTECH6338LAP', ip: '192.168.1.7', os.name: 'Windows 10', os.arch: 'amd64', os.version: '10.0', java.version: '15.0.1'
Driver info: driver.version: ChromeDriver
remote stacktrace: Backtrace:
	GetHandleVerifier [0x0099A813+48355]
	(No symbol) [0x0092C4B1]
	(No symbol) [0x00835358]
	(No symbol) [0x008561AC]
	(No symbol) [0x00851EF3]
	(No symbol) [0x00850579]
	(No symbol) [0x00880C55]
	(No symbol) [0x0088093C]
	(No symbol) [0x0087A536]
	(No symbol) [0x008582DC]
	(No symbol) [0x008593DD]
	GetHandleVerifier [0x00BFAABD+2539405]
	GetHandleVerifier [0x00C3A78F+2800735]
	GetHandleVerifier [0x00C3456C+2775612]
	GetHandleVerifier [0x00A251E0+616112]
	(No symbol) [0x00935F8C]
	(No symbol) [0x00932328]
	(No symbol) [0x0093240B]
	(No symbol) [0x00924FF7]
	(No symbol) [0x76AF7D59]
	RtlInitializeExceptionChain [0x770AB79B+107]
	RtlClearBits [0x770AB71F+191]

</error>
    <system-err><![CDATA[Starting ChromeDriver 114.0.5735.90 (386bc09e8f4f2e025eddae123f36f6263096ae49-refs/branch-heads/5735@{#1052}) on port 10194
Only local connections are allowed.
Please see https://chromedriver.chromium.org/security-considerations for suggestions on keeping ChromeDriver safe.
ChromeDriver was started successfully.
]]></system-err>
  </testcase>
  <testcase name="Verify subscription packages for different countries #2" classname="Validate subscription packages on STC TV website" time="2.283">
    <error message="Cannot invoke &quot;org.openqa.selenium.WebDriver.quit()&quot; because &quot;Steps.Hooks.driver&quot; is null" type="java.lang.NullPointerException">java.lang.NullPointerException: Cannot invoke "org.openqa.selenium.WebDriver.quit()" because "Steps.Hooks.driver" is null
</error>
  </testcase>
  <testcase name="Verify subscription packages for different countries #3" classname="Validate subscription packages on STC TV website" time="3.436">
    <error message="session not created: This version of ChromeDriver only supports Chrome version 114&#10;Current browser version is 117.0.5938.132 with binary path C:\Program Files\Google\Chrome\Application\chrome.exe&#10;Build info: version: &apos;3.141.59&apos;, revision: &apos;e82be7d358&apos;, time: &apos;2018-11-14T08:17:03&apos;&#10;System info: host: &apos;GGSTECH6338LAP&apos;, ip: &apos;192.168.1.7&apos;, os.name: &apos;Windows 10&apos;, os.arch: &apos;amd64&apos;, os.version: &apos;10.0&apos;, java.version: &apos;15.0.1&apos;&#10;Driver info: driver.version: ChromeDriver&#10;remote stacktrace: Backtrace:&#10;	GetHandleVerifier [0x0099A813+48355]&#10;	(No symbol) [0x0092C4B1]&#10;	(No symbol) [0x00835358]&#10;	(No symbol) [0x008561AC]&#10;	(No symbol) [0x00851EF3]&#10;	(No symbol) [0x00850579]&#10;	(No symbol) [0x00880C55]&#10;	(No symbol) [0x0088093C]&#10;	(No symbol) [0x0087A536]&#10;	(No symbol) [0x008582DC]&#10;	(No symbol) [0x008593DD]&#10;	GetHandleVerifier [0x00BFAABD+2539405]&#10;	GetHandleVerifier [0x00C3A78F+2800735]&#10;	GetHandleVerifier [0x00C3456C+2775612]&#10;	GetHandleVerifier [0x00A251E0+616112]&#10;	(No symbol) [0x00935F8C]&#10;	(No symbol) [0x00932328]&#10;	(No symbol) [0x0093240B]&#10;	(No symbol) [0x00924FF7]&#10;	(No symbol) [0x76AF7D59]&#10;	RtlInitializeExceptionChain [0x770AB79B+107]&#10;	RtlClearBits [0x770AB71F+191]&#10;" type="org.openqa.selenium.SessionNotCreatedException">org.openqa.selenium.SessionNotCreatedException: 
session not created: This version of ChromeDriver only supports Chrome version 114
Current browser version is 117.0.5938.132 with binary path C:\Program Files\Google\Chrome\Application\chrome.exe
Build info: version: '3.141.59', revision: 'e82be7d358', time: '2018-11-14T08:17:03'
System info: host: 'GGSTECH6338LAP', ip: '192.168.1.7', os.name: 'Windows 10', os.arch: 'amd64', os.version: '10.0', java.version: '15.0.1'
Driver info: driver.version: ChromeDriver
remote stacktrace: Backtrace:
	GetHandleVerifier [0x0099A813+48355]
	(No symbol) [0x0092C4B1]
	(No symbol) [0x00835358]
	(No symbol) [0x008561AC]
	(No symbol) [0x00851EF3]
	(No symbol) [0x00850579]
	(No symbol) [0x00880C55]
	(No symbol) [0x0088093C]
	(No symbol) [0x0087A536]
	(No symbol) [0x008582DC]
	(No symbol) [0x008593DD]
	GetHandleVerifier [0x00BFAABD+2539405]
	GetHandleVerifier [0x00C3A78F+2800735]
	GetHandleVerifier [0x00C3456C+2775612]
	GetHandleVerifier [0x00A251E0+616112]
	(No symbol) [0x00935F8C]
	(No symbol) [0x00932328]
	(No symbol) [0x0093240B]
	(No symbol) [0x00924FF7]
	(No symbol) [0x76AF7D59]
	RtlInitializeExceptionChain [0x770AB79B+107]
	RtlClearBits [0x770AB71F+191]

</error>
    <system-err><![CDATA[Starting ChromeDriver 114.0.5735.90 (386bc09e8f4f2e025eddae123f36f6263096ae49-refs/branch-heads/5735@{#1052}) on port 4009
Only local connections are allowed.
Please see https://chromedriver.chromium.org/security-considerations for suggestions on keeping ChromeDriver safe.
ChromeDriver was started successfully.
]]></system-err>
  </testcase>
  <testcase name="Verify subscription packages for different countries #3" classname="Validate subscription packages on STC TV website" time="3.436">
    <error message="Cannot invoke &quot;org.openqa.selenium.WebDriver.quit()&quot; because &quot;Steps.Hooks.driver&quot; is null" type="java.lang.NullPointerException">java.lang.NullPointerException: Cannot invoke "org.openqa.selenium.WebDriver.quit()" because "Steps.Hooks.driver" is null
</error>
  </testcase>
</testsuite>